Global:

  Symbol          Redirected to
  ------          -------------
  _Printf         _PrintfSmall
  _Scanf          _ScanfSmall
  __as_NullEntry  __as_NullEntryStrict

Auto library: rt7M_tl.a -> E:\Programs\IAR\ARM\arm\lib\rt7M_tl.a
Auto library: dlpp7M_tl_ne.a -> E:\Programs\IAR\ARM\arm\lib\dlpp7M_tl_ne.a
Auto library: m7M_tls.a -> E:\Programs\IAR\ARM\arm\lib\m7M_tls.a
Auto library: dl7M_tln.a -> E:\Programs\IAR\ARM\arm\lib\dl7M_tln.a

Library configuration:

  keep       __iar_init_vfp
  extra init __iar_cstart_call_ctors
  no_inline  __DebugBreak
  no_inline  __iar_return_from_swi
  no_inline  __iar_semihosting
  no_inline  __iar_sh_stdout_swo

  Module specific redirects:

    unaligned access redirects:

      Symbol            Redirected to
      ------            -------------
      __aeabi_memcpy    __iar_unaligned___aeabi_memcpy
      __aeabi_memcpy4   __iar_unaligned___aeabi_memcpy4
      __aeabi_memcpy8   __iar_unaligned___aeabi_memcpy8
      __aeabi_memmove   __iar_unaligned___aeabi_memmove
      __aeabi_memmove4  __iar_unaligned___aeabi_memmove4
      __aeabi_memmove8  __iar_unaligned___aeabi_memmove8
      memcmp            __iar_unaligned_memcmp
      strcmp            __iar_unaligned_strcmp
      strcpy            __iar_unaligned_strcpy
      strncpy           __iar_unaligned_strncpy

      E:\Projects\ARM\5\Debug\Obj\uartecho.o
      E:\Projects\ARM\5\configPkg\package\cfg\5_prm4f.orm4f
      Core-params.orm4f(iar.targets.arm.rts.arm4f)
      Core-smem.orm4f(iar.targets.arm.rts.arm4f)
      Core-mem.orm4f(iar.targets.arm.rts.arm4f)
      rtc_c.o(msp432p4xx_driverlib.a)
      osi_tirtos.orm4f(drivers_wifi_MSP432P401R.arm4f)
      Registry.orm4f(iar.targets.arm.rts.arm4f)


Creating copy init batch C1 (Table) for P1 -> P2, auto, unit
  First match: .data (MSP_EXP432P401R.o #17)
Selecting packing algorithm for 'auto' batches
  Estimating size for copy init batch C1 (P1 -> P2):
      copy: 1672 bytes
      packbits [single range]: 1125 bytes
      lz77 [single range]: 565 bytes
    Selecting lz77 [single range]
Creating initializer unit for P1 -> P2

Veneer stats:

  312 definitions
  806 references
      725 R_ARM_THM_CALL
       79 R_ARM_THM_JUMP24
        2 R_ARM_THM_JUMP19
    0 veneers               0 bytes
    0 redirected references
